{"C:\\Users\\User\\Desktop\\Ice\\Respository\\simple-user-management-api\\cloudinary.js": {"path":"C:\\Users\\User\\Desktop\\Ice\\Respository\\simple-user-management-api\\cloudinary.js","statementMap":{"0":{"start":{"line":1,"column":19},"end":{"line":1,"column":40}},"1":{"start":{"line":2,"column":15},"end":{"line":2,"column":32}},"2":{"start":{"line":4,"column":0},"end":{"line":4,"column":15}},"3":{"start":{"line":6,"column":0},"end":{"line":10,"column":2}},"4":{"start":{"line":12,"column":0},"end":{"line":24,"column":1}},"5":{"start":{"line":13,"column":4},"end":{"line":23,"column":6}},"6":{"start":{"line":14,"column":8},"end":{"line":22,"column":10}},"7":{"start":{"line":15,"column":12},"end":{"line":18,"column":14}}},"fnMap":{"0":{"name":"(anonymous_0)","decl":{"start":{"line":12,"column":18},"end":{"line":12,"column":19}},"loc":{"start":{"line":12,"column":36},"end":{"line":24,"column":1}},"line":12},"1":{"name":"(anonymous_1)","decl":{"start":{"line":13,"column":23},"end":{"line":13,"column":24}},"loc":{"start":{"line":13,"column":34},"end":{"line":23,"column":5}},"line":13},"2":{"name":"(anonymous_2)","decl":{"start":{"line":14,"column":41},"end":{"line":14,"column":42}},"loc":{"start":{"line":14,"column":53},"end":{"line":19,"column":9}},"line":14}},"branchMap":{},"s":{"0":1,"1":1,"2":1,"3":1,"4":1,"5":0,"6":0,"7":0},"f":{"0":0,"1":0,"2":0},"b":{},"_coverageSchema":"1a1c01bbd47fc00a2c39e90264f33305004495a9","hash":"f68ce0186e2295a7303e97740d5c564dccdf3fe4"}
,"C:\\Users\\User\\Desktop\\Ice\\Respository\\simple-user-management-api\\multer.js": {"path":"C:\\Users\\User\\Desktop\\Ice\\Respository\\simple-user-management-api\\multer.js","statementMap":{"0":{"start":{"line":1,"column":15},"end":{"line":1,"column":32}},"1":{"start":{"line":2,"column":13},"end":{"line":2,"column":28}},"2":{"start":{"line":3,"column":18},"end":{"line":3,"column":54}},"3":{"start":{"line":5,"column":16},"end":{"line":12,"column":4}},"4":{"start":{"line":7,"column":6},"end":{"line":7,"column":25}},"5":{"start":{"line":10,"column":6},"end":{"line":10,"column":52}},"6":{"start":{"line":14,"column":21},"end":{"line":20,"column":3}},"7":{"start":{"line":15,"column":4},"end":{"line":19,"column":5}},"8":{"start":{"line":16,"column":6},"end":{"line":16,"column":20}},"9":{"start":{"line":18,"column":6},"end":{"line":18,"column":53}},"10":{"start":{"line":22,"column":17},"end":{"line":26,"column":4}},"11":{"start":{"line":29,"column":0},"end":{"line":29,"column":23}}},"fnMap":{"0":{"name":"(anonymous_0)","decl":{"start":{"line":6,"column":17},"end":{"line":6,"column":18}},"loc":{"start":{"line":6,"column":42},"end":{"line":8,"column":5}},"line":6},"1":{"name":"(anonymous_1)","decl":{"start":{"line":9,"column":14},"end":{"line":9,"column":15}},"loc":{"start":{"line":9,"column":39},"end":{"line":11,"column":5}},"line":9},"2":{"name":"(anonymous_2)","decl":{"start":{"line":14,"column":21},"end":{"line":14,"column":22}},"loc":{"start":{"line":14,"column":40},"end":{"line":20,"column":3}},"line":14}},"branchMap":{"0":{"loc":{"start":{"line":15,"column":4},"end":{"line":19,"column":5}},"type":"if","locations":[{"start":{"line":15,"column":4},"end":{"line":19,"column":5}},{"start":{"line":17,"column":9},"end":{"line":19,"column":5}}],"line":15},"1":{"loc":{"start":{"line":15,"column":7},"end":{"line":15,"column":70}},"type":"binary-expr","locations":[{"start":{"line":15,"column":7},"end":{"line":15,"column":37}},{"start":{"line":15,"column":41},"end":{"line":15,"column":70}}],"line":15}},"s":{"0":1,"1":1,"2":1,"3":1,"4":0,"5":0,"6":1,"7":0,"8":0,"9":0,"10":1,"11":1},"f":{"0":0,"1":0,"2":0},"b":{"0":[0,0],"1":[0,0]},"_coverageSchema":"1a1c01bbd47fc00a2c39e90264f33305004495a9","hash":"6bfdacf62b888ebcda77b841241b9265c613556a"}
,"C:\\Users\\User\\Desktop\\Ice\\Respository\\simple-user-management-api\\server.js": {"path":"C:\\Users\\User\\Desktop\\Ice\\Respository\\simple-user-management-api\\server.js","statementMap":{"0":{"start":{"line":1,"column":16},"end":{"line":1,"column":34}},"1":{"start":{"line":2,"column":19},"end":{"line":2,"column":41}},"2":{"start":{"line":3,"column":15},"end":{"line":3,"column":32}},"3":{"start":{"line":4,"column":33},"end":{"line":4,"column":59}},"4":{"start":{"line":5,"column":24},"end":{"line":5,"column":42}},"5":{"start":{"line":6,"column":16},"end":{"line":6,"column":42}},"6":{"start":{"line":7,"column":19},"end":{"line":7,"column":43}},"7":{"start":{"line":8,"column":22},"end":{"line":8,"column":49}},"8":{"start":{"line":9,"column":19},"end":{"line":9,"column":43}},"9":{"start":{"line":10,"column":21},"end":{"line":10,"column":45}},"10":{"start":{"line":11,"column":13},"end":{"line":11,"column":35}},"11":{"start":{"line":12,"column":19},"end":{"line":12,"column":50}},"12":{"start":{"line":13,"column":15},"end":{"line":13,"column":42}},"13":{"start":{"line":14,"column":15},"end":{"line":14,"column":32}},"14":{"start":{"line":16,"column":22},"end":{"line":16,"column":51}},"15":{"start":{"line":17,"column":16},"end":{"line":22,"column":2}},"16":{"start":{"line":24,"column":13},"end":{"line":24,"column":25}},"17":{"start":{"line":25,"column":12},"end":{"line":25,"column":21}},"18":{"start":{"line":27,"column":0},"end":{"line":27,"column":17}},"19":{"start":{"line":28,"column":0},"end":{"line":28,"column":13}},"20":{"start":{"line":30,"column":0},"end":{"line":30,"column":19}},"21":{"start":{"line":31,"column":0},"end":{"line":31,"column":27}},"22":{"start":{"line":32,"column":0},"end":{"line":32,"column":52}},"23":{"start":{"line":33,"column":0},"end":{"line":33,"column":23}},"24":{"start":{"line":34,"column":0},"end":{"line":34,"column":23}},"25":{"start":{"line":35,"column":0},"end":{"line":40,"column":3}},"26":{"start":{"line":41,"column":0},"end":{"line":41,"column":16}},"27":{"start":{"line":43,"column":0},"end":{"line":50,"column":2}},"28":{"start":{"line":44,"column":4},"end":{"line":49,"column":5}},"29":{"start":{"line":45,"column":8},"end":{"line":45,"column":130}},"30":{"start":{"line":47,"column":8},"end":{"line":47,"column":23}},"31":{"start":{"line":48,"column":8},"end":{"line":48,"column":25}},"32":{"start":{"line":52,"column":0},"end":{"line":52,"column":28}},"33":{"start":{"line":53,"column":0},"end":{"line":53,"column":40}},"34":{"start":{"line":54,"column":0},"end":{"line":54,"column":34}},"35":{"start":{"line":56,"column":0},"end":{"line":61,"column":3}},"36":{"start":{"line":57,"column":2},"end":{"line":57,"column":51}},"37":{"start":{"line":58,"column":2},"end":{"line":58,"column":35}},"38":{"start":{"line":59,"column":2},"end":{"line":59,"column":34}},"39":{"start":{"line":60,"column":2},"end":{"line":60,"column":9}},"40":{"start":{"line":63,"column":0},"end":{"line":65,"column":3}},"41":{"start":{"line":64,"column":1},"end":{"line":64,"column":35}},"42":{"start":{"line":68,"column":0},"end":{"line":68,"column":20}}},"fnMap":{"0":{"name":"(anonymous_0)","decl":{"start":{"line":43,"column":13},"end":{"line":43,"column":14}},"loc":{"start":{"line":43,"column":27},"end":{"line":50,"column":1}},"line":43},"1":{"name":"(anonymous_1)","decl":{"start":{"line":56,"column":8},"end":{"line":56,"column":9}},"loc":{"start":{"line":56,"column":35},"end":{"line":61,"column":1}},"line":56},"2":{"name":"(anonymous_2)","decl":{"start":{"line":63,"column":17},"end":{"line":63,"column":18}},"loc":{"start":{"line":63,"column":23},"end":{"line":65,"column":1}},"line":63}},"branchMap":{"0":{"loc":{"start":{"line":24,"column":13},"end":{"line":24,"column":25}},"type":"binary-expr","locations":[{"start":{"line":24,"column":13},"end":{"line":24,"column":17}},{"start":{"line":24,"column":21},"end":{"line":24,"column":25}}],"line":24}},"s":{"0":1,"1":1,"2":1,"3":1,"4":1,"5":1,"6":1,"7":1,"8":1,"9":1,"10":1,"11":1,"12":1,"13":1,"14":1,"15":1,"16":1,"17":1,"18":1,"19":1,"20":1,"21":1,"22":1,"23":1,"24":1,"25":1,"26":1,"27":1,"28":1,"29":1,"30":0,"31":0,"32":1,"33":1,"34":1,"35":1,"36":0,"37":0,"38":0,"39":0,"40":1,"41":1,"42":1},"f":{"0":1,"1":0,"2":1},"b":{"0":[1,0]},"_coverageSchema":"1a1c01bbd47fc00a2c39e90264f33305004495a9","hash":"737b5c82029567be5d28261129d579f0b8f29ffd"}
,"C:\\Users\\User\\Desktop\\Ice\\Respository\\simple-user-management-api\\auth\\auth.js": {"path":"C:\\Users\\User\\Desktop\\Ice\\Respository\\simple-user-management-api\\auth\\auth.js","statementMap":{"0":{"start":{"line":3,"column":20},"end":{"line":3,"column":31}},"1":{"start":{"line":4,"column":26},"end":{"line":4,"column":40}},"2":{"start":{"line":5,"column":4},"end":{"line":7,"column":5}},"3":{"start":{"line":6,"column":8},"end":{"line":6,"column":48}},"4":{"start":{"line":10,"column":4},"end":{"line":10,"column":10}},"5":{"start":{"line":13,"column":0},"end":{"line":13,"column":21}}},"fnMap":{"0":{"name":"auth","decl":{"start":{"line":2,"column":9},"end":{"line":2,"column":13}},"loc":{"start":{"line":2,"column":29},"end":{"line":11,"column":1}},"line":2}},"branchMap":{"0":{"loc":{"start":{"line":5,"column":4},"end":{"line":7,"column":5}},"type":"if","locations":[{"start":{"line":5,"column":4},"end":{"line":7,"column":5}},{"start":{},"end":{}}],"line":5}},"s":{"0":0,"1":0,"2":0,"3":0,"4":0,"5":1},"f":{"0":0},"b":{"0":[0,0]},"_coverageSchema":"1a1c01bbd47fc00a2c39e90264f33305004495a9","hash":"c3a5433ab656943ed48746fbc130b698ce44771e"}
,"C:\\Users\\User\\Desktop\\Ice\\Respository\\simple-user-management-api\\config\\config.js": {"path":"C:\\Users\\User\\Desktop\\Ice\\Respository\\simple-user-management-api\\config\\config.js","statementMap":{"0":{"start":{"line":1,"column":0},"end":{"line":1,"column":26}},"1":{"start":{"line":3,"column":0},"end":{"line":7,"column":1}}},"fnMap":{},"branchMap":{},"s":{"0":1,"1":1},"f":{},"b":{},"_coverageSchema":"1a1c01bbd47fc00a2c39e90264f33305004495a9","hash":"ee1d9a4a54f0f03d8d8ffedcac3836c9d4cdbf04"}
,"C:\\Users\\User\\Desktop\\Ice\\Respository\\simple-user-management-api\\controllers\\authController.js": {"path":"C:\\Users\\User\\Desktop\\Ice\\Respository\\simple-user-management-api\\controllers\\authController.js","statementMap":{"0":{"start":{"line":1,"column":15},"end":{"line":1,"column":32}},"1":{"start":{"line":2,"column":15},"end":{"line":2,"column":43}},"2":{"start":{"line":3,"column":18},"end":{"line":3,"column":47}},"3":{"start":{"line":6,"column":58},"end":{"line":6,"column":66}},"4":{"start":{"line":7,"column":2},"end":{"line":48,"column":3}},"5":{"start":{"line":8,"column":17},"end":{"line":8,"column":51}},"6":{"start":{"line":10,"column":4},"end":{"line":12,"column":5}},"7":{"start":{"line":11,"column":6},"end":{"line":11,"column":62}},"8":{"start":{"line":14,"column":17},"end":{"line":14,"column":41}},"9":{"start":{"line":15,"column":27},"end":{"line":15,"column":60}},"10":{"start":{"line":17,"column":4},"end":{"line":42,"column":5}},"11":{"start":{"line":18,"column":22},"end":{"line":24,"column":8}},"12":{"start":{"line":27,"column":22},"end":{"line":27,"column":33}},"13":{"start":{"line":28,"column":6},"end":{"line":28,"column":29}},"14":{"start":{"line":30,"column":6},"end":{"line":30,"column":34}},"15":{"start":{"line":31,"column":6},"end":{"line":31,"column":21}},"16":{"start":{"line":32,"column":6},"end":{"line":38,"column":9}},"17":{"start":{"line":40,"column":6},"end":{"line":40,"column":65}},"18":{"start":{"line":41,"column":6},"end":{"line":41,"column":60}},"19":{"start":{"line":44,"column":4},"end":{"line":44,"column":39}},"20":{"start":{"line":45,"column":4},"end":{"line":47,"column":71}},"21":{"start":{"line":52,"column":30},"end":{"line":52,"column":38}},"22":{"start":{"line":53,"column":2},"end":{"line":83,"column":3}},"23":{"start":{"line":54,"column":17},"end":{"line":54,"column":51}},"24":{"start":{"line":56,"column":4},"end":{"line":58,"column":5}},"25":{"start":{"line":57,"column":6},"end":{"line":57,"column":64}},"26":{"start":{"line":59,"column":4},"end":{"line":67,"column":5}},"27":{"start":{"line":61,"column":23},"end":{"line":61,"column":68}},"28":{"start":{"line":62,"column":6},"end":{"line":64,"column":7}},"29":{"start":{"line":63,"column":8},"end":{"line":63,"column":58}},"30":{"start":{"line":66,"column":6},"end":{"line":66,"column":53}},"31":{"start":{"line":69,"column":20},"end":{"line":69,"column":31}},"32":{"start":{"line":70,"column":4},"end":{"line":70,"column":27}},"33":{"start":{"line":72,"column":4},"end":{"line":72,"column":20}},"34":{"start":{"line":73,"column":4},"end":{"line":79,"column":7}},"35":{"start":{"line":81,"column":4},"end":{"line":81,"column":46}},"36":{"start":{"line":82,"column":4},"end":{"line":82,"column":51}},"37":{"start":{"line":86,"column":0},"end":{"line":89,"column":2}}},"fnMap":{"0":{"name":"signup","decl":{"start":{"line":5,"column":15},"end":{"line":5,"column":21}},"loc":{"start":{"line":5,"column":32},"end":{"line":49,"column":1}},"line":5},"1":{"name":"login","decl":{"start":{"line":51,"column":15},"end":{"line":51,"column":20}},"loc":{"start":{"line":51,"column":31},"end":{"line":84,"column":1}},"line":51}},"branchMap":{"0":{"loc":{"start":{"line":10,"column":4},"end":{"line":12,"column":5}},"type":"if","locations":[{"start":{"line":10,"column":4},"end":{"line":12,"column":5}},{"start":{},"end":{}}],"line":10},"1":{"loc":{"start":{"line":56,"column":4},"end":{"line":58,"column":5}},"type":"if","locations":[{"start":{"line":56,"column":4},"end":{"line":58,"column":5}},{"start":{},"end":{}}],"line":56},"2":{"loc":{"start":{"line":62,"column":6},"end":{"line":64,"column":7}},"type":"if","locations":[{"start":{"line":62,"column":6},"end":{"line":64,"column":7}},{"start":{},"end":{}}],"line":62}},"s":{"0":1,"1":1,"2":1,"3":1,"4":1,"5":1,"6":0,"7":0,"8":0,"9":0,"10":0,"11":0,"12":0,"13":0,"14":0,"15":0,"16":0,"17":0,"18":0,"19":1,"20":1,"21":0,"22":0,"23":0,"24":0,"25":0,"26":0,"27":0,"28":0,"29":0,"30":0,"31":0,"32":0,"33":0,"34":0,"35":0,"36":0,"37":1},"f":{"0":1,"1":0},"b":{"0":[0,0],"1":[0,0],"2":[0,0]},"_coverageSchema":"1a1c01bbd47fc00a2c39e90264f33305004495a9","hash":"2697a073fe645be3de170956c140c5eee14bf431"}
,"C:\\Users\\User\\Desktop\\Ice\\Respository\\simple-user-management-api\\controllers\\profileController.js": {"path":"C:\\Users\\User\\Desktop\\Ice\\Respository\\simple-user-management-api\\controllers\\profileController.js","statementMap":{"0":{"start":{"line":1,"column":18},"end":{"line":1,"column":47}},"1":{"start":{"line":2,"column":13},"end":{"line":2,"column":28}},"2":{"start":{"line":3,"column":15},"end":{"line":3,"column":43}},"3":{"start":{"line":4,"column":19},"end":{"line":4,"column":43}},"4":{"start":{"line":5,"column":11},"end":{"line":5,"column":24}},"5":{"start":{"line":6,"column":16},"end":{"line":6,"column":36}},"6":{"start":{"line":9,"column":4},"end":{"line":15,"column":5}},"7":{"start":{"line":11,"column":8},"end":{"line":11,"column":38}},"8":{"start":{"line":13,"column":8},"end":{"line":13,"column":59}},"9":{"start":{"line":14,"column":8},"end":{"line":14,"column":64}},"10":{"start":{"line":19,"column":4},"end":{"line":54,"column":5}},"11":{"start":{"line":20,"column":24},"end":{"line":20,"column":35}},"12":{"start":{"line":21,"column":22},"end":{"line":21,"column":36}},"13":{"start":{"line":23,"column":8},"end":{"line":49,"column":9}},"14":{"start":{"line":24,"column":25},"end":{"line":24,"column":57}},"15":{"start":{"line":25,"column":27},"end":{"line":25,"column":34}},"16":{"start":{"line":28,"column":51},"end":{"line":28,"column":59}},"17":{"start":{"line":29,"column":12},"end":{"line":31,"column":13}},"18":{"start":{"line":30,"column":14},"end":{"line":30,"column":109}},"19":{"start":{"line":32,"column":12},"end":{"line":34,"column":13}},"20":{"start":{"line":33,"column":16},"end":{"line":33,"column":109}},"21":{"start":{"line":35,"column":12},"end":{"line":37,"column":13}},"22":{"start":{"line":36,"column":16},"end":{"line":36,"column":97}},"23":{"start":{"line":39,"column":12},"end":{"line":39,"column":27}},"24":{"start":{"line":40,"column":12},"end":{"line":46,"column":17}},"25":{"start":{"line":48,"column":12},"end":{"line":48,"column":77}},"26":{"start":{"line":52,"column":8},"end":{"line":52,"column":40}},"27":{"start":{"line":53,"column":8},"end":{"line":53,"column":45}},"28":{"start":{"line":58,"column":4},"end":{"line":101,"column":5}},"29":{"start":{"line":59,"column":24},"end":{"line":59,"column":35}},"30":{"start":{"line":60,"column":22},"end":{"line":60,"column":36}},"31":{"start":{"line":61,"column":25},"end":{"line":61,"column":81}},"32":{"start":{"line":61,"column":41},"end":{"line":61,"column":81}},"33":{"start":{"line":63,"column":23},"end":{"line":63,"column":25}},"34":{"start":{"line":64,"column":26},"end":{"line":64,"column":35}},"35":{"start":{"line":66,"column":12},"end":{"line":75,"column":13}},"36":{"start":{"line":67,"column":31},"end":{"line":67,"column":35}},"37":{"start":{"line":69,"column":30},"end":{"line":69,"column":50}},"38":{"start":{"line":71,"column":16},"end":{"line":71,"column":34}},"39":{"start":{"line":72,"column":16},"end":{"line":72,"column":35}},"40":{"start":{"line":76,"column":12},"end":{"line":83,"column":13}},"41":{"start":{"line":77,"column":29},"end":{"line":77,"column":61}},"42":{"start":{"line":78,"column":31},"end":{"line":78,"column":38}},"43":{"start":{"line":80,"column":33},"end":{"line":80,"column":119}},"44":{"start":{"line":82,"column":16},"end":{"line":82,"column":69}},"45":{"start":{"line":86,"column":12},"end":{"line":95,"column":14}},"46":{"start":{"line":99,"column":8},"end":{"line":99,"column":27}},"47":{"start":{"line":100,"column":8},"end":{"line":100,"column":88}},"48":{"start":{"line":104,"column":0},"end":{"line":108,"column":1}}},"fnMap":{"0":{"name":"getProfile","decl":{"start":{"line":8,"column":9},"end":{"line":8,"column":19}},"loc":{"start":{"line":8,"column":29},"end":{"line":16,"column":1}},"line":8},"1":{"name":"editProfile","decl":{"start":{"line":18,"column":15},"end":{"line":18,"column":26}},"loc":{"start":{"line":18,"column":36},"end":{"line":55,"column":1}},"line":18},"2":{"name":"editProfilePic","decl":{"start":{"line":57,"column":15},"end":{"line":57,"column":29}},"loc":{"start":{"line":57,"column":39},"end":{"line":102,"column":1}},"line":57},"3":{"name":"(anonymous_3)","decl":{"start":{"line":61,"column":25},"end":{"line":61,"column":26}},"loc":{"start":{"line":61,"column":41},"end":{"line":61,"column":81}},"line":61}},"branchMap":{"0":{"loc":{"start":{"line":29,"column":12},"end":{"line":31,"column":13}},"type":"if","locations":[{"start":{"line":29,"column":12},"end":{"line":31,"column":13}},{"start":{},"end":{}}],"line":29},"1":{"loc":{"start":{"line":32,"column":12},"end":{"line":34,"column":13}},"type":"if","locations":[{"start":{"line":32,"column":12},"end":{"line":34,"column":13}},{"start":{},"end":{}}],"line":32},"2":{"loc":{"start":{"line":35,"column":12},"end":{"line":37,"column":13}},"type":"if","locations":[{"start":{"line":35,"column":12},"end":{"line":37,"column":13}},{"start":{},"end":{}}],"line":35}},"s":{"0":1,"1":1,"2":1,"3":1,"4":1,"5":1,"6":0,"7":0,"8":0,"9":0,"10":0,"11":0,"12":0,"13":0,"14":0,"15":0,"16":0,"17":0,"18":0,"19":0,"20":0,"21":0,"22":0,"23":0,"24":0,"25":0,"26":0,"27":0,"28":0,"29":0,"30":0,"31":0,"32":0,"33":0,"34":0,"35":0,"36":0,"37":0,"38":0,"39":0,"40":0,"41":0,"42":0,"43":0,"44":0,"45":0,"46":0,"47":0,"48":1},"f":{"0":0,"1":0,"2":0,"3":0},"b":{"0":[0,0],"1":[0,0],"2":[0,0]},"_coverageSchema":"1a1c01bbd47fc00a2c39e90264f33305004495a9","hash":"6bd346afe7c5785e635c8b59d5f533e3f0e7d7d1"}
,"C:\\Users\\User\\Desktop\\Ice\\Respository\\simple-user-management-api\\controllers\\userController.js": {"path":"C:\\Users\\User\\Desktop\\Ice\\Respository\\simple-user-management-api\\controllers\\userController.js","statementMap":{"0":{"start":{"line":1,"column":15},"end":{"line":1,"column":43}},"1":{"start":{"line":2,"column":18},"end":{"line":2,"column":47}},"2":{"start":{"line":5,"column":5},"end":{"line":25,"column":6}},"3":{"start":{"line":6,"column":24},"end":{"line":6,"column":35}},"4":{"start":{"line":7,"column":22},"end":{"line":7,"column":36}},"5":{"start":{"line":9,"column":8},"end":{"line":21,"column":9}},"6":{"start":{"line":10,"column":25},"end":{"line":10,"column":57}},"7":{"start":{"line":11,"column":12},"end":{"line":18,"column":13}},"8":{"start":{"line":12,"column":16},"end":{"line":12,"column":48}},"9":{"start":{"line":13,"column":16},"end":{"line":13,"column":33}},"10":{"start":{"line":14,"column":16},"end":{"line":14,"column":47}},"11":{"start":{"line":15,"column":16},"end":{"line":15,"column":50}},"12":{"start":{"line":17,"column":16},"end":{"line":17,"column":69}},"13":{"start":{"line":20,"column":12},"end":{"line":20,"column":69}},"14":{"start":{"line":23,"column":8},"end":{"line":23,"column":52}},"15":{"start":{"line":24,"column":8},"end":{"line":24,"column":38}},"16":{"start":{"line":28,"column":0},"end":{"line":30,"column":1}}},"fnMap":{"0":{"name":"deleteUser","decl":{"start":{"line":4,"column":15},"end":{"line":4,"column":25}},"loc":{"start":{"line":4,"column":35},"end":{"line":26,"column":1}},"line":4}},"branchMap":{},"s":{"0":1,"1":1,"2":0,"3":0,"4":0,"5":0,"6":0,"7":0,"8":0,"9":0,"10":0,"11":0,"12":0,"13":0,"14":0,"15":0,"16":1},"f":{"0":0},"b":{},"_coverageSchema":"1a1c01bbd47fc00a2c39e90264f33305004495a9","hash":"71a4a927856aa0b7b1fe697ce3b397d44826716c"}
,"C:\\Users\\User\\Desktop\\Ice\\Respository\\simple-user-management-api\\db\\db.js": {"path":"C:\\Users\\User\\Desktop\\Ice\\Respository\\simple-user-management-api\\db\\db.js","statementMap":{"0":{"start":{"line":1,"column":22},"end":{"line":1,"column":49}},"1":{"start":{"line":2,"column":17},"end":{"line":2,"column":36}},"2":{"start":{"line":3,"column":15},"end":{"line":3,"column":43}},"3":{"start":{"line":6,"column":2},"end":{"line":7,"column":23}},"4":{"start":{"line":9,"column":4},"end":{"line":11,"column":6}},"5":{"start":{"line":10,"column":6},"end":{"line":10,"column":39}},"6":{"start":{"line":12,"column":4},"end":{"line":14,"column":6}},"7":{"start":{"line":13,"column":6},"end":{"line":13,"column":46}},"8":{"start":{"line":17,"column":0},"end":{"line":17,"column":30}}},"fnMap":{"0":{"name":"connectToDb","decl":{"start":{"line":5,"column":9},"end":{"line":5,"column":20}},"loc":{"start":{"line":5,"column":23},"end":{"line":15,"column":1}},"line":5},"1":{"name":"(anonymous_1)","decl":{"start":{"line":9,"column":40},"end":{"line":9,"column":41}},"loc":{"start":{"line":9,"column":46},"end":{"line":11,"column":5}},"line":9},"2":{"name":"(anonymous_2)","decl":{"start":{"line":12,"column":36},"end":{"line":12,"column":37}},"loc":{"start":{"line":12,"column":42},"end":{"line":14,"column":5}},"line":12}},"branchMap":{},"s":{"0":1,"1":1,"2":1,"3":1,"4":1,"5":0,"6":1,"7":0,"8":1},"f":{"0":1,"1":0,"2":0},"b":{},"_coverageSchema":"1a1c01bbd47fc00a2c39e90264f33305004495a9","hash":"d4e4c644c4841d4bd1fa192b0ef43f59671d2eb2"}
,"C:\\Users\\User\\Desktop\\Ice\\Respository\\simple-user-management-api\\loggers\\httpLogger.js": {"path":"C:\\Users\\User\\Desktop\\Ice\\Respository\\simple-user-management-api\\loggers\\httpLogger.js","statementMap":{"0":{"start":{"line":1,"column":15},"end":{"line":1,"column":32}},"1":{"start":{"line":2,"column":15},"end":{"line":2,"column":34}},"2":{"start":{"line":3,"column":13},"end":{"line":3,"column":35}},"3":{"start":{"line":6,"column":15},"end":{"line":12,"column":2}},"4":{"start":{"line":14,"column":19},"end":{"line":28,"column":2}},"5":{"start":{"line":17,"column":73},"end":{"line":17,"column":92}},"6":{"start":{"line":18,"column":12},"end":{"line":25,"column":14}},"7":{"start":{"line":30,"column":0},"end":{"line":30,"column":27}}},"fnMap":{"0":{"name":"(anonymous_0)","decl":{"start":{"line":16,"column":15},"end":{"line":16,"column":16}},"loc":{"start":{"line":16,"column":27},"end":{"line":26,"column":9}},"line":16}},"branchMap":{},"s":{"0":1,"1":1,"2":1,"3":1,"4":1,"5":2,"6":2,"7":1},"f":{"0":2},"b":{},"_coverageSchema":"1a1c01bbd47fc00a2c39e90264f33305004495a9","hash":"731b3a4aa28741eb81976ba203acfc41550a25f7"}
,"C:\\Users\\User\\Desktop\\Ice\\Respository\\simple-user-management-api\\loggers\\logger.js": {"path":"C:\\Users\\User\\Desktop\\Ice\\Respository\\simple-user-management-api\\loggers\\logger.js","statementMap":{"0":{"start":{"line":1,"column":16},"end":{"line":1,"column":34}},"1":{"start":{"line":3,"column":16},"end":{"line":19,"column":1}},"2":{"start":{"line":21,"column":15},"end":{"line":28,"column":2}},"3":{"start":{"line":30,"column":0},"end":{"line":30,"column":23}}},"fnMap":{},"branchMap":{},"s":{"0":1,"1":1,"2":1,"3":1},"f":{},"b":{},"_coverageSchema":"1a1c01bbd47fc00a2c39e90264f33305004495a9","hash":"800f1511d6aa113c8745d231656b8a81e535efa9"}
,"C:\\Users\\User\\Desktop\\Ice\\Respository\\simple-user-management-api\\model\\userModel.js": {"path":"C:\\Users\\User\\Desktop\\Ice\\Respository\\simple-user-management-api\\model\\userModel.js","statementMap":{"0":{"start":{"line":1,"column":17},"end":{"line":1,"column":36}},"1":{"start":{"line":4,"column":19},"end":{"line":31,"column":24}},"2":{"start":{"line":35,"column":0},"end":{"line":35,"column":52}}},"fnMap":{},"branchMap":{},"s":{"0":1,"1":1,"2":1},"f":{},"b":{},"_coverageSchema":"1a1c01bbd47fc00a2c39e90264f33305004495a9","hash":"feb74c29156c486d36737cf181ffa7178de671b6"}
,"C:\\Users\\User\\Desktop\\Ice\\Respository\\simple-user-management-api\\routes\\auth.js": {"path":"C:\\Users\\User\\Desktop\\Ice\\Respository\\simple-user-management-api\\routes\\auth.js","statementMap":{"0":{"start":{"line":2,"column":16},"end":{"line":2,"column":34}},"1":{"start":{"line":3,"column":31},"end":{"line":3,"column":68}},"2":{"start":{"line":4,"column":19},"end":{"line":4,"column":35}},"3":{"start":{"line":5,"column":26},"end":{"line":5,"column":66}},"4":{"start":{"line":7,"column":0},"end":{"line":7,"column":59}},"5":{"start":{"line":8,"column":0},"end":{"line":8,"column":32}},"6":{"start":{"line":10,"column":0},"end":{"line":10,"column":27}}},"fnMap":{},"branchMap":{},"s":{"0":1,"1":1,"2":1,"3":1,"4":1,"5":1,"6":1},"f":{},"b":{},"_coverageSchema":"1a1c01bbd47fc00a2c39e90264f33305004495a9","hash":"af861be32834f426ebe9fc4b464d4238c3718ee3"}
,"C:\\Users\\User\\Desktop\\Ice\\Respository\\simple-user-management-api\\routes\\profile.js": {"path":"C:\\Users\\User\\Desktop\\Ice\\Respository\\simple-user-management-api\\routes\\profile.js","statementMap":{"0":{"start":{"line":1,"column":16},"end":{"line":1,"column":34}},"1":{"start":{"line":2,"column":22},"end":{"line":2,"column":38}},"2":{"start":{"line":3,"column":52},"end":{"line":3,"column":95}},"3":{"start":{"line":4,"column":15},"end":{"line":4,"column":35}},"4":{"start":{"line":5,"column":19},"end":{"line":5,"column":43}},"5":{"start":{"line":10,"column":0},"end":{"line":10,"column":35}},"6":{"start":{"line":11,"column":0},"end":{"line":11,"column":48}},"7":{"start":{"line":12,"column":0},"end":{"line":12,"column":78}},"8":{"start":{"line":14,"column":0},"end":{"line":14,"column":30}}},"fnMap":{},"branchMap":{},"s":{"0":1,"1":1,"2":1,"3":1,"4":1,"5":1,"6":1,"7":1,"8":1},"f":{},"b":{},"_coverageSchema":"1a1c01bbd47fc00a2c39e90264f33305004495a9","hash":"5b8439e3b45f51b3ef450bad61d5d3ce4b25e6c8"}
,"C:\\Users\\User\\Desktop\\Ice\\Respository\\simple-user-management-api\\routes\\user.js": {"path":"C:\\Users\\User\\Desktop\\Ice\\Respository\\simple-user-management-api\\routes\\user.js","statementMap":{"0":{"start":{"line":1,"column":16},"end":{"line":1,"column":34}},"1":{"start":{"line":2,"column":19},"end":{"line":2,"column":35}},"2":{"start":{"line":3,"column":23},"end":{"line":3,"column":63}},"3":{"start":{"line":5,"column":0},"end":{"line":5,"column":34}},"4":{"start":{"line":7,"column":0},"end":{"line":7,"column":27}}},"fnMap":{},"branchMap":{},"s":{"0":1,"1":1,"2":1,"3":1,"4":1},"f":{},"b":{},"_coverageSchema":"1a1c01bbd47fc00a2c39e90264f33305004495a9","hash":"c1a93b96c94b1c065c8feeae7b4c1119c4345007"}
,"C:\\Users\\User\\Desktop\\Ice\\Respository\\simple-user-management-api\\validator\\userValidator.js": {"path":"C:\\Users\\User\\Desktop\\Ice\\Respository\\simple-user-management-api\\validator\\userValidator.js","statementMap":{"0":{"start":{"line":2,"column":12},"end":{"line":2,"column":26}},"1":{"start":{"line":4,"column":22},"end":{"line":13,"column":2}},"2":{"start":{"line":17,"column":24},"end":{"line":17,"column":32}},"3":{"start":{"line":18,"column":4},"end":{"line":23,"column":5}},"4":{"start":{"line":19,"column":8},"end":{"line":19,"column":54}},"5":{"start":{"line":20,"column":8},"end":{"line":20,"column":14}},"6":{"start":{"line":22,"column":8},"end":{"line":22,"column":46}},"7":{"start":{"line":26,"column":0},"end":{"line":26,"column":39}}},"fnMap":{"0":{"name":"validateUserMiddleware","decl":{"start":{"line":15,"column":15},"end":{"line":15,"column":37}},"loc":{"start":{"line":16,"column":0},"end":{"line":24,"column":1}},"line":16}},"branchMap":{},"s":{"0":1,"1":1,"2":1,"3":1,"4":1,"5":1,"6":0,"7":1},"f":{"0":1},"b":{},"_coverageSchema":"1a1c01bbd47fc00a2c39e90264f33305004495a9","hash":"1ee8d1224d6f9cc5171999d49b67088ef19fee88"}
}
